<?xml version="1.0" encoding="UTF-8"?>
<!-- Generated by org.testng.reporters.JUnitReportReporter -->
<testsuite hostname="DESKTOP-9LORS4D" failures="0" tests="1" name="com.training.sanity.tests.LoginTests" time="42.701" errors="0" timestamp="17 Jun 2019 17:19:52 GMT" skipped="0">
  <testcase classname="com.training.sanity.tests.LoginTests" name="validLoginTest" time="42.701"/>
</testsuite> <!-- com.training.sanity.tests.LoginTests -->
