<?xml version="1.0" encoding="UTF-8"?>
<!-- Generated by org.testng.reporters.JUnitReportReporter -->
<testsuite hostname="DESKTOP-9LORS4D" failures="0" tests="1" name="com.training.sanity.tests.LoginTests_UniformLogin_OrderHistory" time="24.785" errors="0" timestamp="19 Jun 2019 07:19:18 GMT" skipped="0">
  <testcase classname="com.training.sanity.tests.LoginTests_UniformLogin_OrderHistory" name="validLoginTest" time="24.785"/>
</testsuite> <!-- com.training.sanity.tests.LoginTests_UniformLogin_OrderHistory -->
