<?xml version="1.0" encoding="UTF-8"?>
<!-- Generated by org.testng.reporters.JUnitReportReporter -->
<testsuite hostname="DESKTOP-9LORS4D" failures="0" tests="1" name="com.training.sanity.tests.LoginTests_UniformLogin_EditAccount" time="32.204" errors="0" timestamp="19 Jun 2019 04:09:57 GMT" skipped="0">
  <testcase classname="com.training.sanity.tests.LoginTests_UniformLogin_EditAccount" name="validLoginTest" time="32.204"/>
</testsuite> <!-- com.training.sanity.tests.LoginTests_UniformLogin_EditAccount -->
