<?xml version="1.0" encoding="UTF-8"?>
<!-- Generated by org.testng.reporters.JUnitReportReporter -->
<testsuite hostname="DESKTOP-9LORS4D" failures="0" tests="1" name="com.training.sanity.tests.LoginTests_Admin_LoginFailureVerification_Medium" time="14.314" errors="0" timestamp="23 Jun 2019 08:31:27 GMT" skipped="0">
  <testcase classname="com.training.sanity.tests.LoginTests_Admin_LoginFailureVerification_Medium" name="validLoginTest" time="14.314"/>
</testsuite> <!-- com.training.sanity.tests.LoginTests_Admin_LoginFailureVerification_Medium -->
