<?xml version="1.0" encoding="UTF-8"?>
<!-- Generated by org.testng.reporters.JUnitReportReporter -->
<testsuite hostname="DESKTOP-9LORS4D" failures="0" tests="1" name="com.training.sanity.tests.LoginTests_adminVerfiy_addProductsWithRewards_medium" time="90.357" errors="0" timestamp="26 Jun 2019 07:22:39 GMT" skipped="0">
  <testcase classname="com.training.sanity.tests.LoginTests_adminVerfiy_addProductsWithRewards_medium" name="validLoginTest" time="90.357"/>
</testsuite> <!-- com.training.sanity.tests.LoginTests_adminVerfiy_addProductsWithRewards_medium -->
